02-Aug-2020 08:55:33.216 INFO [main] org.apache.catalina.startup.VersionLoggerListener.log Server version name:   Apache Tomcat/9.0.37
02-Aug-2020 08:55:33.219 INFO [main] org.apache.catalina.startup.VersionLoggerListener.log Server built:          Jun 30 2020 20:09:49 UTC
02-Aug-2020 08:55:33.219 INFO [main] org.apache.catalina.startup.VersionLoggerListener.log Server version number: 9.0.37.0
02-Aug-2020 08:55:33.220 INFO [main] org.apache.catalina.startup.VersionLoggerListener.log OS Name:               Mac OS X
02-Aug-2020 08:55:33.220 INFO [main] org.apache.catalina.startup.VersionLoggerListener.log OS Version:            10.15.5
02-Aug-2020 08:55:33.220 INFO [main] org.apache.catalina.startup.VersionLoggerListener.log Architecture:          x86_64
02-Aug-2020 08:55:33.220 INFO [main] org.apache.catalina.startup.VersionLoggerListener.log Java Home:             /Library/Java/JavaVirtualMachines/jdk1.8.0_251.jdk/Contents/Home/jre
02-Aug-2020 08:55:33.220 INFO [main] org.apache.catalina.startup.VersionLoggerListener.log JVM Version:           1.8.0_251-b08
02-Aug-2020 08:55:33.220 INFO [main] org.apache.catalina.startup.VersionLoggerListener.log JVM Vendor:            Oracle Corporation
02-Aug-2020 08:55:33.220 INFO [main] org.apache.catalina.startup.VersionLoggerListener.log CATALINA_BASE:         /Users/xianghuiguo/workflow/projects/java-archtect/apache-tomcat-9.0.37
02-Aug-2020 08:55:33.220 INFO [main] org.apache.catalina.startup.VersionLoggerListener.log CATALINA_HOME:         /Users/xianghuiguo/workflow/projects/java-archtect/apache-tomcat-9.0.37
02-Aug-2020 08:55:33.223 INFO [main] org.apache.catalina.startup.VersionLoggerListener.log Command line argument: -Djava.util.logging.config.file=/Users/xianghuiguo/workflow/projects/java-archtect/apache-tomcat-9.0.37/conf/logging.properties
02-Aug-2020 08:55:33.223 INFO [main] org.apache.catalina.startup.VersionLoggerListener.log Command line argument: -Djava.util.logging.manager=org.apache.juli.ClassLoaderLogManager
02-Aug-2020 08:55:33.223 INFO [main] org.apache.catalina.startup.VersionLoggerListener.log Command line argument: -Djdk.tls.ephemeralDHKeySize=2048
02-Aug-2020 08:55:33.223 INFO [main] org.apache.catalina.startup.VersionLoggerListener.log Command line argument: -Djava.protocol.handler.pkgs=org.apache.catalina.webresources
02-Aug-2020 08:55:33.223 INFO [main] org.apache.catalina.startup.VersionLoggerListener.log Command line argument: -Dorg.apache.catalina.security.SecurityListener.UMASK=0027
02-Aug-2020 08:55:33.223 INFO [main] org.apache.catalina.startup.VersionLoggerListener.log Command line argument: -Dignore.endorsed.dirs=
02-Aug-2020 08:55:33.223 INFO [main] org.apache.catalina.startup.VersionLoggerListener.log Command line argument: -Dcatalina.base=/Users/xianghuiguo/workflow/projects/java-archtect/apache-tomcat-9.0.37
02-Aug-2020 08:55:33.223 INFO [main] org.apache.catalina.startup.VersionLoggerListener.log Command line argument: -Dcatalina.home=/Users/xianghuiguo/workflow/projects/java-archtect/apache-tomcat-9.0.37
02-Aug-2020 08:55:33.223 INFO [main] org.apache.catalina.startup.VersionLoggerListener.log Command line argument: -Djava.io.tmpdir=/Users/xianghuiguo/workflow/projects/java-archtect/apache-tomcat-9.0.37/temp
02-Aug-2020 08:55:33.223 INFO [main] org.apache.catalina.core.AprLifecycleListener.lifecycleEvent The Apache Tomcat Native library which allows using OpenSSL was not found on the java.library.path: [/Users/xianghuiguo/Library/Java/Extensions:/Library/Java/Extensions:/Network/Library/Java/Extensions:/System/Library/Java/Extensions:/usr/lib/java:.]
02-Aug-2020 08:55:33.463 INFO [main] org.apache.coyote.AbstractProtocol.init Initializing ProtocolHandler ["http-nio-8080"]
02-Aug-2020 08:55:33.484 INFO [main] org.apache.catalina.startup.Catalina.load Server initialization in [397] milliseconds
02-Aug-2020 08:55:33.503 INFO [main] org.apache.catalina.core.StandardService.startInternal Starting service [Catalina]
02-Aug-2020 08:55:33.503 INFO [main] org.apache.catalina.core.StandardEngine.startInternal Starting Servlet engine: [Apache Tomcat/9.0.37]
02-Aug-2020 08:55:33.508 INFO [main] org.apache.catalina.startup.HostConfig.deployDirectory Deploying web application directory [/Users/xianghuiguo/workflow/projects/java-archtect/apache-tomcat-9.0.37/webapps/docs]
02-Aug-2020 08:55:33.659 INFO [main] org.apache.catalina.startup.HostConfig.deployDirectory Deployment of web application directory [/Users/xianghuiguo/workflow/projects/java-archtect/apache-tomcat-9.0.37/webapps/docs] has finished in [150] ms
02-Aug-2020 08:55:33.659 INFO [main] org.apache.catalina.startup.HostConfig.deployDirectory Deploying web application directory [/Users/xianghuiguo/workflow/projects/java-archtect/apache-tomcat-9.0.37/webapps/manager]
02-Aug-2020 08:55:33.678 INFO [main] org.apache.catalina.startup.HostConfig.deployDirectory Deployment of web application directory [/Users/xianghuiguo/workflow/projects/java-archtect/apache-tomcat-9.0.37/webapps/manager] has finished in [19] ms
02-Aug-2020 08:55:33.679 INFO [main] org.apache.catalina.startup.HostConfig.deployDirectory Deploying web application directory [/Users/xianghuiguo/workflow/projects/java-archtect/apache-tomcat-9.0.37/webapps/examples]
02-Aug-2020 08:55:33.835 INFO [main] org.apache.catalina.startup.HostConfig.deployDirectory Deployment of web application directory [/Users/xianghuiguo/workflow/projects/java-archtect/apache-tomcat-9.0.37/webapps/examples] has finished in [157] ms
02-Aug-2020 08:55:33.835 INFO [main] org.apache.catalina.startup.HostConfig.deployDirectory Deploying web application directory [/Users/xianghuiguo/workflow/projects/java-archtect/apache-tomcat-9.0.37/webapps/ROOT]
02-Aug-2020 08:55:33.846 INFO [main] org.apache.catalina.startup.HostConfig.deployDirectory Deployment of web application directory [/Users/xianghuiguo/workflow/projects/java-archtect/apache-tomcat-9.0.37/webapps/ROOT] has finished in [11] ms
02-Aug-2020 08:55:33.846 INFO [main] org.apache.catalina.startup.HostConfig.deployDirectory Deploying web application directory [/Users/xianghuiguo/workflow/projects/java-archtect/apache-tomcat-9.0.37/webapps/foodie-shop]
02-Aug-2020 08:55:33.860 INFO [main] org.apache.catalina.startup.HostConfig.deployDirectory Deployment of web application directory [/Users/xianghuiguo/workflow/projects/java-archtect/apache-tomcat-9.0.37/webapps/foodie-shop] has finished in [14] ms
02-Aug-2020 08:55:33.860 INFO [main] org.apache.catalina.startup.HostConfig.deployDirectory Deploying web application directory [/Users/xianghuiguo/workflow/projects/java-archtect/apache-tomcat-9.0.37/webapps/host-manager]
02-Aug-2020 08:55:33.874 INFO [main] org.apache.catalina.startup.HostConfig.deployDirectory Deployment of web application directory [/Users/xianghuiguo/workflow/projects/java-archtect/apache-tomcat-9.0.37/webapps/host-manager] has finished in [14] ms
02-Aug-2020 08:55:33.876 INFO [main] org.apache.coyote.AbstractProtocol.start Starting ProtocolHandler ["http-nio-8080"]
02-Aug-2020 08:55:33.881 INFO [main] org.apache.catalina.startup.Catalina.start Server startup in [397] milliseconds
02-Aug-2020 09:35:34.946 INFO [Catalina-utility-2] org.apache.catalina.startup.HostConfig.deployDirectory Deploying web application directory [/Users/xianghuiguo/workflow/projects/java-archtect/apache-tomcat-9.0.37/webapps/foodie-center]
02-Aug-2020 09:35:34.961 INFO [Catalina-utility-2] org.apache.catalina.startup.HostConfig.deployDirectory Deployment of web application directory [/Users/xianghuiguo/workflow/projects/java-archtect/apache-tomcat-9.0.37/webapps/foodie-center] has finished in [15] ms
